<?xml version="1.0" encoding="UTF-8"?>
<testsuite name="org.datacleaner.branding.ImageLoadingResourceBundleTest" time="0.954" tests="7" errors="0" skipped="0" failures="0">
  <properties>
[...]
</properties>
  <testcase name="testFileTypeResourceBundleBundleHasImage" classname="org.datacleaner.branding.ImageLoadingResourceBundleTest" time="0.869"/>
  <testcase name="testDesktopUiResourceBundleHasImage" classname="org.datacleaner.branding.ImageLoadingResourceBundleTest" time="0.022"/>
  <testcase name="testModelResourceBundleHasImage" classname="org.datacleaner.branding.ImageLoadingResourceBundleTest" time="0.009"/>
  <testcase name="testDatastoreTypeResourceBundleHasImage" classname="org.datacleaner.branding.ImageLoadingResourceBundleTest" time="0.02"/>
  <testcase name="testComponentTypeResourceBundleHasImage" classname="org.datacleaner.branding.ImageLoadingResourceBundleTest" time="0.009"/>
  <testcase name="testComponentInstanceResourceBundleHasImage" classname="org.datacleaner.branding.ImageLoadingResourceBundleTest" time="0.016"/>
  <testcase name="testCategoriesResourceBundleHasImage" classname="org.datacleaner.branding.ImageLoadingResourceBundleTest" time="0.009"/>
</testsuite>