<?xml version="1.0" encoding="UTF-8"?>
<testsuite name="org.datacleaner.components.fuse.CoalesceUnitConverterTest" time="0.044" tests="3" errors="0" skipped="0" failures="0">
  <properties>
[...]
</properties>
  <testcase name="testConvertCommaNames" classname="org.datacleaner.components.fuse.CoalesceUnitConverterTest" time="0.043"/>
  <testcase name="testDiscoverAndResolveConverter" classname="org.datacleaner.components.fuse.CoalesceUnitConverterTest" time="0.001"/>
  <testcase name="testGetOutputDataType" classname="org.datacleaner.components.fuse.CoalesceUnitConverterTest" time="0"/>
</testsuite>